<?xml version="1.0" encoding="utf-8"?><testsuites><testsuite name="pytest" errors="0" failures="0" skipped="5" tests="6" time="0.862" timestamp="2022-03-16T09:19:57.449020" hostname="OLI-OMEN"><testcase classname="bumpversion" name="FLAKE8" time="0.001"><skipped type="pytest.skip" message="file(s) previously passed FLAKE8 checks">/home/olivier/dev/kairntech/pyconverters_pubmedfetcher/.tox/report/lib/python3.8/site-packages/pytest_flake8.py:124: file(s) previously passed FLAKE8 checks</skipped></testcase><testcase classname="src.pyconverters_pubmedfetcher.__init__" name="FLAKE8" time="0.001"><skipped type="pytest.skip" message="file(s) previously passed FLAKE8 checks">/home/olivier/dev/kairntech/pyconverters_pubmedfetcher/.tox/report/lib/python3.8/site-packages/pytest_flake8.py:124: file(s) previously passed FLAKE8 checks</skipped></testcase><testcase classname="src.pyconverters_pubmedfetcher.pubmedfetcher" name="FLAKE8" time="0.001"><skipped type="pytest.skip" message="file(s) previously passed FLAKE8 checks">/home/olivier/dev/kairntech/pyconverters_pubmedfetcher/.tox/report/lib/python3.8/site-packages/pytest_flake8.py:124: file(s) previously passed FLAKE8 checks</skipped></testcase><testcase classname="tests.test_pubmedfetcher" name="FLAKE8" time="0.000"><skipped type="pytest.skip" message="file(s) previously passed FLAKE8 checks">/home/olivier/dev/kairntech/pyconverters_pubmedfetcher/.tox/report/lib/python3.8/site-packages/pytest_flake8.py:124: file(s) previously passed FLAKE8 checks</skipped></testcase><testcase classname="tests.test_pubmedfetcher" name="test_pubmedfetcher_ids" time="0.000"><skipped type="pytest.skip" message="Not a test">/home/olivier/dev/kairntech/pyconverters_pubmedfetcher/tests/test_pubmedfetcher.py:13: Not a test</skipped></testcase><testcase classname="tests.test_pubmedfetcher" name="test_pubmedfetcher_xml" time="0.200" /></testsuite></testsuites>